<?xml version="1.0" encoding="UTF-8"?>
<!-- Generated by org.testng.reporters.JUnitReportReporter -->
<testsuite hostname="LAPTOP-LAJIT7MF" failures="0" tests="1" name="runner.TestRunner" time="29.467" errors="0" timestamp="2025-03-07T16:19:23 IST" skipped="0">
  <testcase classname="runner.TestRunner" name="runScenario" time="29.467"/>
  <system-out/>
</testsuite> <!-- runner.TestRunner -->
