<?xml version="1.0" encoding="UTF-8"?>
<!-- Generated by org.testng.reporters.JUnitReportReporter -->
<testsuite hostname="LAPTOP-LAJIT7MF" failures="0" tests="1" name="runner.TestRunner" time="27.362" errors="0" timestamp="2025-03-10T10:34:22 IST" skipped="0">
  <testcase classname="runner.TestRunner" name="runScenario" time="27.362"/>
  <system-out/>
</testsuite> <!-- runner.TestRunner -->
